[2018-04-20 21:31:52,301] [DEBUG] [templateQueue.cc:Queue:22] :Queue()
[2018-04-20 21:31:52,303] [INFO] [templateQueue.cc:test0:101] :Queue is empty? 1
[2018-04-20 21:31:52,304] [INFO] [templateQueue.cc:test0:103] :Queue is empty? 0
[2018-04-20 21:31:52,304] [INFO] [templateQueue.cc:push:66] :Queue is full.
[2018-04-20 21:31:52,304] [INFO] [templateQueue.cc:push:66] :Queue is full.
[2018-04-20 21:31:52,304] [INFO] [templateQueue.cc:test0:109] :Queue is full? 1
[2018-04-20 21:31:52,304] [INFO] [templateQueue.cc:test0:113] :9
[2018-04-20 21:31:52,304] [INFO] [templateQueue.cc:test0:113] :8
[2018-04-20 21:31:52,305] [INFO] [templateQueue.cc:test0:113] :7
[2018-04-20 21:31:52,305] [INFO] [templateQueue.cc:test0:113] :6
[2018-04-20 21:31:52,305] [INFO] [templateQueue.cc:test0:113] :5
[2018-04-20 21:31:52,305] [INFO] [templateQueue.cc:test0:113] :4
[2018-04-20 21:31:52,305] [INFO] [templateQueue.cc:test0:113] :3
[2018-04-20 21:31:52,305] [INFO] [templateQueue.cc:test0:113] :2
[2018-04-20 21:31:52,305] [INFO] [templateQueue.cc:test0:113] :1
[2018-04-20 21:31:52,305] [INFO] [templateQueue.cc:test0:116] :Queue is empty? 1
[2018-04-20 21:31:52,305] [DEBUG] [templateQueue.cc:~Queue:44] :~Queue()
[2018-04-20 21:31:52,305] [DEBUG] [templateQueue.cc:Queue:22] :Queue()
[2018-04-20 21:31:52,305] [INFO] [templateQueue.cc:test1:122] :Queue is empty? 1
[2018-04-20 21:31:52,305] [INFO] [templateQueue.cc:test1:124] :Queue is empty? 0
[2018-04-20 21:31:52,305] [INFO] [templateQueue.cc:push:66] :Queue is full.
[2018-04-20 21:31:52,305] [INFO] [templateQueue.cc:push:66] :Queue is full.
[2018-04-20 21:31:52,305] [INFO] [templateQueue.cc:push:66] :Queue is full.
[2018-04-20 21:31:52,305] [INFO] [templateQueue.cc:test1:130] :Queue is full? 1
[2018-04-20 21:31:52,305] [INFO] [templateQueue.cc:test1:134] :II
[2018-04-20 21:31:52,305] [INFO] [templateQueue.cc:test1:134] :HH
[2018-04-20 21:31:52,305] [INFO] [templateQueue.cc:test1:134] :GG
[2018-04-20 21:31:52,305] [INFO] [templateQueue.cc:test1:134] :FF
[2018-04-20 21:31:52,305] [INFO] [templateQueue.cc:test1:134] :EE
[2018-04-20 21:31:52,305] [INFO] [templateQueue.cc:test1:134] :DD
[2018-04-20 21:31:52,305] [INFO] [templateQueue.cc:test1:134] :CC
[2018-04-20 21:31:52,306] [INFO] [templateQueue.cc:test1:134] :BB
[2018-04-20 21:31:52,306] [INFO] [templateQueue.cc:test1:134] :haha
[2018-04-20 21:31:52,306] [INFO] [templateQueue.cc:test1:137] :Queue is empty? 1
[2018-04-20 21:31:52,306] [DEBUG] [templateQueue.cc:~Queue:44] :~Queue()
